# JRE version: Java(TM) SE Runtime Environment 18.9 (11.0.7+8) (build 11.0.7+8-LTS)
# Java VM: Java HotSpot(TM) 64-Bit Server VM 18.9 (11.0.7+8-LTS, mixed mode, tiered, compressed oops, g1 gc, linux-amd64)
Heap:
 garbage-first heap   total 256000K, used 64798K [0x0000000084800000, 0x0000000100000000)
  region size 1024K, 1 young (1024K), 1 survivors (1024K)
 Metaspace       used 41731K, capacity 42492K, committed 42800K, reserved 1087488K
  class space    used 4339K, capacity 4626K, committed 4736K, reserved 1048576K
GC Heap History (10 events):
Event: 36,571 GC heap after
{Heap after GC invocations=15 (full 0):
 garbage-first heap   total 126976K, used 63769K [0x0000000084800000, 0x0000000100000000)
  region size 1024K, 2 young (2048K), 2 survivors (2048K)
 Metaspace       used 40900K, capacity 41548K, committed 41648K, reserved 1087488K
  class space    used 4329K, capacity 4593K, committed 4608K, reserved 1048576K
}
Event: 56,107 GC heap before
{Heap before GC invocations=16 (full 0):
 garbage-first heap   total 126976K, used 98585K [0x0000000084800000, 0x0000000100000000)
  region size 1024K, 34 young (34816K), 2 survivors (2048K)
 Metaspace       used 41569K, capacity 42264K, committed 42416K, reserved 1087488K
  class space    used 4334K, capacity 4594K, committed 4608K, reserved 1048576K
}
Event: 58,198 GC heap after
{Heap after GC invocations=17 (full 0):
 garbage-first heap   total 126976K, used 65719K [0x0000000084800000, 0x0000000100000000)
  region size 1024K, 3 young (3072K), 3 survivors (3072K)
 Metaspace       used 41569K, capacity 42264K, committed 42416K, reserved 1087488K
  class space    used 4334K, capacity 4594K, committed 4608K, reserved 1048576K
}
Event: 59,700 GC heap before
{Heap before GC invocations=17 (full 0):
 garbage-first heap   total 126976K, used 68791K [0x0000000084800000, 0x0000000100000000)
  region size 1024K, 6 young (6144K), 3 survivors (3072K)
 Metaspace       used 41584K, capacity 42265K, committed 42416K, reserved 1087488K
  class space    used 4334K, capacity 4594K, committed 4608K, reserved 1048576K
}
Event: 59,913 GC heap after
{Heap after GC invocations=18 (full 0):
 garbage-first heap   total 126976K, used 66434K [0x0000000084800000, 0x0000000100000000)
  region size 1024K, 1 young (1024K), 1 survivors (1024K)
 Metaspace       used 41584K, capacity 42265K, committed 42416K, reserved 1087488K
  class space    used 4334K, capacity 4594K, committed 4608K, reserved 1048576K
}
Event: 64,479 GC heap before
{Heap before GC invocations=19 (full 0):
 garbage-first heap   total 126976K, used 71554K [0x0000000084800000, 0x0000000100000000)
  region size 1024K, 6 young (6144K), 1 survivors (1024K)
 Metaspace       used 41660K, capacity 42331K, committed 42416K, reserved 1087488K
  class space    used 4335K, capacity 4594K, committed 4608K, reserved 1048576K
}
Event: 64,485 GC heap after
{Heap after GC invocations=20 (full 0):
 garbage-first heap   total 126976K, used 66423K [0x0000000084800000, 0x0000000100000000)
  region size 1024K, 1 young (1024K), 1 survivors (1024K)
 Metaspace       used 41660K, capacity 42331K, committed 42416K, reserved 1087488K
  class space    used 4335K, capacity 4594K, committed 4608K, reserved 1048576K
}
Event: 74,412 GC heap before
{Heap before GC invocations=20 (full 0):
 garbage-first heap   total 126976K, used 70519K [0x0000000084800000, 0x0000000100000000)
  region size 1024K, 6 young (6144K), 1 survivors (1024K)
 Metaspace       used 41726K, capacity 42492K, committed 42800K, reserved 1087488K
  class space    used 4339K, capacity 4626K, committed 4736K, reserved 1048576K
}
Event: 74,984 GC heap after
{Heap after GC invocations=21 (full 0):
 garbage-first heap   total 126976K, used 64676K [0x0000000084800000, 0x0000000100000000)
  region size 1024K, 1 young (1024K), 1 survivors (1024K)
 Metaspace       used 41726K, capacity 42492K, committed 42800K, reserved 1087488K
  class space    used 4339K, capacity 4626K, committed 4736K, reserved 1048576K
}
Event: 78,465 GC heap before
{Heap before GC invocations=22 (full 0):
 garbage-first heap   total 126976K, used 69796K [0x0000000084800000, 0x0000000100000000)
  region size 1024K, 6 young (6144K), 1 survivors (1024K)
 Metaspace       used 41731K, capacity 42492K, committed 42800K, reserved 1087488K
  class space    used 4339K, capacity 4626K, committed 4736K, reserved 1048576K
}

